{"content": {"suites": {"0": {"status": {"total_pass": 0, "total_skip": 0, "total_xpass": 0, "total_xfail": 0, "total_rerun": 0, "total_fail": 3, "total_error": 0}, "tests": {"0": {"status": "FAIL", "message": "   selenium.common.exceptions.WebDriverException: Message: unknown error: net::ERR_CONNECTION_REFUSED\n     (Session info: chrome=135.0.7049.116)\n   Stacktrace:\n   \tGetHandleVerifier [0x00A1D363+60275]\n   \tGetHandleVerifier [0x00A1D3A4+60340]\n   \t(No symbol) [0x008506F3]\n   \t(No symbol) [0x0084DB50]\n   \t(No symbol) [0x008414A8]\n   \t(No symbol) [0x00842D90]\n   \t(No symbol) [0x00841738]\n   \t(No symbol) [0x00841293]\n   \t(No symbol) [0x00840FA1]\n   \t(No symbol) [0x0083EF80]\n   \t(No symbol) [0x0083F91B]\n   \t(No symbol) [0x0085407E]\n   \t(No symbol) [0x008DF2F7]\n   \t(No symbol) [0x008BD08C]\n   \t(No symbol) [0x008DE6EB]\n   \t(No symbol) [0x008BCE86]\n   \t(No symbol) [0x0088C623]\n   \t(No symbol) [0x0088D474]\n   \tGetHandleVerifier [0x00C68FE3+2467827]\n   \tGetHandleVerifier [0x00C645E6+2448886]\n   \tGetHandleVerifier [0x00C7F80C+2560028]\n   \tGetHandleVerifier [0x00A33DF5+153093]\n   \tGetHandleVerifier [0x00A3A3BD+179149]\n   \tGetHandleVerifier [0x00A24BB8+91080]\n   \tGetHandleVerifier [0x00A24D60+91504]\n   \tGetHandleVerifier [0x00A0FA10+4640]\n   \tBaseThreadInitThunk [0x75CCFCC9+25]\n   \tRtlGetAppContainerNamedObjectPath [0x77C882AE+286]\n   \tRtlGetAppContainerNamedObjectPath [0x77C8827E+238]\n", "test_name": "test_tc001_access_profile", "rerun": "0"}, "1": {"status": "FAIL", "message": "   selenium.common.exceptions.WebDriverException: Message: unknown error: net::ERR_CONNECTION_REFUSED\n     (Session info: chrome=135.0.7049.116)\n   Stacktrace:\n   \tGetHandleVerifier [0x00A1D363+60275]\n   \tGetHandleVerifier [0x00A1D3A4+60340]\n   \t(No symbol) [0x008506F3]\n   \t(No symbol) [0x0084DB50]\n   \t(No symbol) [0x008414A8]\n   \t(No symbol) [0x00842D90]\n   \t(No symbol) [0x00841738]\n   \t(No symbol) [0x00841293]\n   \t(No symbol) [0x00840FA1]\n   \t(No symbol) [0x0083EF80]\n   \t(No symbol) [0x0083F91B]\n   \t(No symbol) [0x0085407E]\n   \t(No symbol) [0x008DF2F7]\n   \t(No symbol) [0x008BD08C]\n   \t(No symbol) [0x008DE6EB]\n   \t(No symbol) [0x008BCE86]\n   \t(No symbol) [0x0088C623]\n   \t(No symbol) [0x0088D474]\n   \tGetHandleVerifier [0x00C68FE3+2467827]\n   \tGetHandleVerifier [0x00C645E6+2448886]\n   \tGetHandleVerifier [0x00C7F80C+2560028]\n   \tGetHandleVerifier [0x00A33DF5+153093]\n   \tGetHandleVerifier [0x00A3A3BD+179149]\n   \tGetHandleVerifier [0x00A24BB8+91080]\n   \tGetHandleVerifier [0x00A24D60+91504]\n   \tGetHandleVerifier [0x00A0FA10+4640]\n   \tBaseThreadInitThunk [0x75CCFCC9+25]\n   \tRtlGetAppContainerNamedObjectPath [0x77C882AE+286]\n   \tRtlGetAppContainerNamedObjectPath [0x77C8827E+238]\n", "test_name": "test_tc002_edit_profile_settings", "rerun": "0"}, "2": {"status": "FAIL", "message": "   selenium.common.exceptions.WebDriverException: Message: unknown error: net::ERR_CONNECTION_REFUSED\n     (Session info: chrome=135.0.7049.116)\n   Stacktrace:\n   \tGetHandleVerifier [0x00A1D363+60275]\n   \tGetHandleVerifier [0x00A1D3A4+60340]\n   \t(No symbol) [0x008506F3]\n   \t(No symbol) [0x0084DB50]\n   \t(No symbol) [0x008414A8]\n   \t(No symbol) [0x00842D90]\n   \t(No symbol) [0x00841738]\n   \t(No symbol) [0x00841293]\n   \t(No symbol) [0x00840FA1]\n   \t(No symbol) [0x0083EF80]\n   \t(No symbol) [0x0083F91B]\n   \t(No symbol) [0x0085407E]\n   \t(No symbol) [0x008DF2F7]\n   \t(No symbol) [0x008BD08C]\n   \t(No symbol) [0x008DE6EB]\n   \t(No symbol) [0x008BCE86]\n   \t(No symbol) [0x0088C623]\n   \t(No symbol) [0x0088D474]\n   \tGetHandleVerifier [0x00C68FE3+2467827]\n   \tGetHandleVerifier [0x00C645E6+2448886]\n   \tGetHandleVerifier [0x00C7F80C+2560028]\n   \tGetHandleVerifier [0x00A33DF5+153093]\n   \tGetHandleVerifier [0x00A3A3BD+179149]\n   \tGetHandleVerifier [0x00A24BB8+91080]\n   \tGetHandleVerifier [0x00A24D60+91504]\n   \tGetHandleVerifier [0x00A0FA10+4640]\n   \tBaseThreadInitThunk [0x75CCFCC9+25]\n   \tRtlGetAppContainerNamedObjectPath [0x77C882AE+286]\n   \tRtlGetAppContainerNamedObjectPath [0x77C8827E+238]\n", "test_name": "test_tc001_tc002_complete_scenario", "rerun": "0"}}, "suite_name": "tests/test_profile.py"}}}, "date": "May 08, 2025", "start_time": 1746702761.0736034, "total_suite": 1, "status": "FAIL", "status_list": {"pass": "0", "fail": "3", "skip": "0", "error": "0", "xpass": "0", "xfail": "0", "rerun": "0"}, "total_tests": "3"}