{"content": {"suites": {"0": {"status": {"total_pass": 0, "total_skip": 1, "total_xpass": 0, "total_xfail": 0, "total_rerun": 0, "total_fail": 2, "total_error": 0}, "tests": {"0": {"status": "FAIL", "message": "   selenium.common.exceptions.TimeoutException: Message: \n   Stacktrace:\n   \tGetHandleVerifier [0x008BD363+60275]\n   \tGetHandleVerifier [0x008BD3A4+60340]\n   \t(No symbol) [0x006F06F3]\n   \t(No symbol) [0x00738690]\n   \t(No symbol) [0x00738A2B]\n   \t(No symbol) [0x00780EE2]\n   \t(No symbol) [0x0075D0D4]\n   \t(No symbol) [0x0077E6EB]\n   \t(No symbol) [0x0075CE86]\n   \t(No symbol) [0x0072C623]\n   \t(No symbol) [0x0072D474]\n   \tGetHandleVerifier [0x00B08FE3+2467827]\n   \tGetHandleVerifier [0x00B045E6+2448886]\n   \tGetHandleVerifier [0x00B1F80C+2560028]\n   \tGetHandleVerifier [0x008D3DF5+153093]\n   \tGetHandleVerifier [0x008DA3BD+179149]\n   \tGetHandleVerifier [0x008C4BB8+91080]\n   \tGetHandleVerifier [0x008C4D60+91504]\n   \tGetHandleVerifier [0x008AFA10+4640]\n   \tBaseThreadInitThunk [0x75CCFCC9+25]\n   \tRtlGetAppContainerNamedObjectPath [0x77C882AE+286]\n   \tRtlGetAppContainerNamedObjectPath [0x77C8827E+238]\n", "test_name": "test_tc001_access_profile", "rerun": "0"}, "1": {"status": "FAIL", "message": "   selenium.common.exceptions.TimeoutException: Message: \n   Stacktrace:\n   \tGetHandleVerifier [0x008BD363+60275]\n   \tGetHandleVerifier [0x008BD3A4+60340]\n   \t(No symbol) [0x006F06F3]\n   \t(No symbol) [0x00738690]\n   \t(No symbol) [0x00738A2B]\n   \t(No symbol) [0x00780EE2]\n   \t(No symbol) [0x0075D0D4]\n   \t(No symbol) [0x0077E6EB]\n   \t(No symbol) [0x0075CE86]\n   \t(No symbol) [0x0072C623]\n   \t(No symbol) [0x0072D474]\n   \tGetHandleVerifier [0x00B08FE3+2467827]\n   \tGetHandleVerifier [0x00B045E6+2448886]\n   \tGetHandleVerifier [0x00B1F80C+2560028]\n   \tGetHandleVerifier [0x008D3DF5+153093]\n   \tGetHandleVerifier [0x008DA3BD+179149]\n   \tGetHandleVerifier [0x008C4BB8+91080]\n   \tGetHandleVerifier [0x008C4D60+91504]\n   \tGetHandleVerifier [0x008AFA10+4640]\n   \tBaseThreadInitThunk [0x75CCFCC9+25]\n   \tRtlGetAppContainerNamedObjectPath [0x77C882AE+286]\n   \tRtlGetAppContainerNamedObjectPath [0x77C8827E+238]\n", "test_name": "test_tc002_edit_profile_settings", "rerun": "0"}, "2": {"status": "SKIP", "message": "('C:\\\\Users\\\\user\\\\Desktop\\\\2\ucc28 \ud504\ub85c\uc81d\ud2b8\\\\team02-dev\\\\tests\\\\test_profile.py', 44, 'Skipped: \uc544\uc9c1 \ud14c\uc2a4\ud2b8 \ucf00\uc774\uc2a4 \ubc1c\ub3d9 \uc548\ud568')\n", "test_name": "test_tc001_tc002_complete_scenario", "rerun": "0"}}, "suite_name": "tests/test_profile.py"}}}, "date": "May 08, 2025", "start_time": 1746696792.1842892, "total_suite": 1, "status": "FAIL", "status_list": {"pass": "0", "fail": "2", "skip": "1", "error": "0", "xpass": "0", "xfail": "0", "rerun": "0"}, "total_tests": "3"}