{"content": {"suites": {"0": {"status": {"total_pass": 0, "total_skip": 0, "total_xpass": 0, "total_xfail": 0, "total_rerun": 0, "total_fail": 3, "total_error": 0}, "tests": {"0": {"status": "FAIL", "message": "   selenium.common.exceptions.WebDriverException: Message: unknown error: net::ERR_CONNECTION_REFUSED\n     (Session info: chrome=136.0.7103.93)\n   Stacktrace:\n   \tGetHandleVerifier [0x00CBFC53+61635]\n   \tGetHandleVerifier [0x00CBFC94+61700]\n   \t(No symbol) [0x00AE05D3]\n   \t(No symbol) [0x00ADDBE0]\n   \t(No symbol) [0x00AD13A8]\n   \t(No symbol) [0x00AD2CF0]\n   \t(No symbol) [0x00AD1638]\n   \t(No symbol) [0x00AD1193]\n   \t(No symbol) [0x00AD0EA1]\n   \t(No symbol) [0x00ACEE80]\n   \t(No symbol) [0x00ACF81B]\n   \t(No symbol) [0x00AE3FFE]\n   \t(No symbol) [0x00B6F217]\n   \t(No symbol) [0x00B4D29C]\n   \t(No symbol) [0x00B6E61B]\n   \t(No symbol) [0x00B4D096]\n   \t(No symbol) [0x00B1C840]\n   \t(No symbol) [0x00B1D6A4]\n   \tGetHandleVerifier [0x00F44573+2701795]\n   \tGetHandleVerifier [0x00F3FCF6+2683238]\n   \tGetHandleVerifier [0x00F5AA3E+2793134]\n   \tGetHandleVerifier [0x00CD6915+155013]\n   \tGetHandleVerifier [0x00CDCFFD+181357]\n   \tGetHandleVerifier [0x00CC74A8+92440]\n   \tGetHandleVerifier [0x00CC7650+92864]\n   \tGetHandleVerifier [0x00CB2040+5296]\n   \tBaseThreadInitThunk [0x76A3FCC9+25]\n   \tRtlGetAppContainerNamedObjectPath [0x77B782AE+286]\n   \tRtlGetAppContainerNamedObjectPath [0x77B7827E+238]\n", "test_name": "test_ts001_access_profile", "rerun": "0"}, "1": {"status": "FAIL", "message": "   selenium.common.exceptions.WebDriverException: Message: unknown error: net::ERR_CONNECTION_REFUSED\n     (Session info: chrome=136.0.7103.93)\n   Stacktrace:\n   \tGetHandleVerifier [0x00CBFC53+61635]\n   \tGetHandleVerifier [0x00CBFC94+61700]\n   \t(No symbol) [0x00AE05D3]\n   \t(No symbol) [0x00ADDBE0]\n   \t(No symbol) [0x00AD13A8]\n   \t(No symbol) [0x00AD2CF0]\n   \t(No symbol) [0x00AD1638]\n   \t(No symbol) [0x00AD1193]\n   \t(No symbol) [0x00AD0EA1]\n   \t(No symbol) [0x00ACEE80]\n   \t(No symbol) [0x00ACF81B]\n   \t(No symbol) [0x00AE3FFE]\n   \t(No symbol) [0x00B6F217]\n   \t(No symbol) [0x00B4D29C]\n   \t(No symbol) [0x00B6E61B]\n   \t(No symbol) [0x00B4D096]\n   \t(No symbol) [0x00B1C840]\n   \t(No symbol) [0x00B1D6A4]\n   \tGetHandleVerifier [0x00F44573+2701795]\n   \tGetHandleVerifier [0x00F3FCF6+2683238]\n   \tGetHandleVerifier [0x00F5AA3E+2793134]\n   \tGetHandleVerifier [0x00CD6915+155013]\n   \tGetHandleVerifier [0x00CDCFFD+181357]\n   \tGetHandleVerifier [0x00CC74A8+92440]\n   \tGetHandleVerifier [0x00CC7650+92864]\n   \tGetHandleVerifier [0x00CB2040+5296]\n   \tBaseThreadInitThunk [0x76A3FCC9+25]\n   \tRtlGetAppContainerNamedObjectPath [0x77B782AE+286]\n   \tRtlGetAppContainerNamedObjectPath [0x77B7827E+238]\n", "test_name": "test_ts001_edit_profile_settings", "rerun": "0"}, "2": {"status": "FAIL", "message": "   selenium.common.exceptions.WebDriverException: Message: unknown error: net::ERR_CONNECTION_REFUSED\n     (Session info: chrome=136.0.7103.93)\n   Stacktrace:\n   \tGetHandleVerifier [0x00CBFC53+61635]\n   \tGetHandleVerifier [0x00CBFC94+61700]\n   \t(No symbol) [0x00AE05D3]\n   \t(No symbol) [0x00ADDBE0]\n   \t(No symbol) [0x00AD13A8]\n   \t(No symbol) [0x00AD2CF0]\n   \t(No symbol) [0x00AD1638]\n   \t(No symbol) [0x00AD1193]\n   \t(No symbol) [0x00AD0EA1]\n   \t(No symbol) [0x00ACEE80]\n   \t(No symbol) [0x00ACF81B]\n   \t(No symbol) [0x00AE3FFE]\n   \t(No symbol) [0x00B6F217]\n   \t(No symbol) [0x00B4D29C]\n   \t(No symbol) [0x00B6E61B]\n   \t(No symbol) [0x00B4D096]\n   \t(No symbol) [0x00B1C840]\n   \t(No symbol) [0x00B1D6A4]\n   \tGetHandleVerifier [0x00F44573+2701795]\n   \tGetHandleVerifier [0x00F3FCF6+2683238]\n   \tGetHandleVerifier [0x00F5AA3E+2793134]\n   \tGetHandleVerifier [0x00CD6915+155013]\n   \tGetHandleVerifier [0x00CDCFFD+181357]\n   \tGetHandleVerifier [0x00CC74A8+92440]\n   \tGetHandleVerifier [0x00CC7650+92864]\n   \tGetHandleVerifier [0x00CB2040+5296]\n   \tBaseThreadInitThunk [0x76A3FCC9+25]\n   \tRtlGetAppContainerNamedObjectPath [0x77B782AE+286]\n   \tRtlGetAppContainerNamedObjectPath [0x77B7827E+238]\n", "test_name": "test_ts003_profile_info_display", "rerun": "0"}}, "suite_name": "tests/test_profile.py"}}}, "date": "May 12, 2025", "start_time": 1747022274.8471441, "total_suite": 1, "status": "FAIL", "status_list": {"pass": "0", "fail": "3", "skip": "0", "error": "0", "xpass": "0", "xfail": "0", "rerun": "0"}, "total_tests": "3"}