{"content": {"suites": {"0": {"status": {"total_pass": 0, "total_skip": 0, "total_xpass": 0, "total_xfail": 0, "total_rerun": 0, "total_fail": 6, "total_error": 0}, "tests": {"0": {"status": "FAIL", "message": "   selenium.common.exceptions.SessionNotCreatedException: Message: session not created: This version of ChromeDriver only supports Chrome version 134\n   Current browser version is 136.0.7103.93 with binary path C:\\Program Files (x86)\\Google\\Chrome\\Application\\chrome.exe\n   Stacktrace:\n   \tGetHandleVerifier [0x00007FF786A7FE45+26629]\n   \t(No symbol) [0x00007FF7869E6010]\n   \t(No symbol) [0x00007FF78687931A]\n   \t(No symbol) [0x00007FF7868BD40D]\n   \t(No symbol) [0x00007FF7868BC44B]\n   \t(No symbol) [0x00007FF7868B655C]\n   \t(No symbol) [0x00007FF7868B1B2D]\n   \t(No symbol) [0x00007FF786905D0B]\n   \t(No symbol) [0x00007FF7869052E0]\n   \t(No symbol) [0x00007FF7868F7883]\n   \t(No symbol) [0x00007FF7868C0550]\n   \t(No symbol) [0x00007FF7868C1803]\n   \tGetHandleVerifier [0x00007FF786DD72BD+3529853]\n   \tGetHandleVerifier [0x00007FF786DEDA22+3621858]\n   \tGetHandleVerifier [0x00007FF786DE24D3+3575443]\n   \tGetHandleVerifier [0x00007FF786B4B77A+860474]\n   \t(No symbol) [0x00007FF7869F088F]\n   \t(No symbol) [0x00007FF7869ECBC4]\n   \t(No symbol) [0x00007FF7869ECD66]\n   \t(No symbol) [0x00007FF7869DC2C9]\n   \tBaseThreadInitThunk [0x00007FFDE2357374+20]\n   \tRtlUserThreadStart [0x00007FFDE335CC91+33]\n", "test_name": "test_new_post_successful_creation", "rerun": "0"}, "1": {"status": "FAIL", "message": "   selenium.common.exceptions.SessionNotCreatedException: Message: session not created: This version of ChromeDriver only supports Chrome version 134\n   Current browser version is 136.0.7103.93 with binary path C:\\Program Files (x86)\\Google\\Chrome\\Application\\chrome.exe\n   Stacktrace:\n   \tGetHandleVerifier [0x00007FF786A7FE45+26629]\n   \t(No symbol) [0x00007FF7869E6010]\n   \t(No symbol) [0x00007FF78687931A]\n   \t(No symbol) [0x00007FF7868BD40D]\n   \t(No symbol) [0x00007FF7868BC44B]\n   \t(No symbol) [0x00007FF7868B655C]\n   \t(No symbol) [0x00007FF7868B1B2D]\n   \t(No symbol) [0x00007FF786905D0B]\n   \t(No symbol) [0x00007FF7869052E0]\n   \t(No symbol) [0x00007FF7868F7883]\n   \t(No symbol) [0x00007FF7868C0550]\n   \t(No symbol) [0x00007FF7868C1803]\n   \tGetHandleVerifier [0x00007FF786DD72BD+3529853]\n   \tGetHandleVerifier [0x00007FF786DEDA22+3621858]\n   \tGetHandleVerifier [0x00007FF786DE24D3+3575443]\n   \tGetHandleVerifier [0x00007FF786B4B77A+860474]\n   \t(No symbol) [0x00007FF7869F088F]\n   \t(No symbol) [0x00007FF7869ECBC4]\n   \t(No symbol) [0x00007FF7869ECD66]\n   \t(No symbol) [0x00007FF7869DC2C9]\n   \tBaseThreadInitThunk [0x00007FFDE2357374+20]\n   \tRtlUserThreadStart [0x00007FFDE335CC91+33]\n", "test_name": "test_publish_with_all_fields_blank", "rerun": "0"}, "2": {"status": "FAIL", "message": "   selenium.common.exceptions.SessionNotCreatedException: Message: session not created: This version of ChromeDriver only supports Chrome version 134\n   Current browser version is 136.0.7103.93 with binary path C:\\Program Files (x86)\\Google\\Chrome\\Application\\chrome.exe\n   Stacktrace:\n   \tGetHandleVerifier [0x00007FF786A7FE45+26629]\n   \t(No symbol) [0x00007FF7869E6010]\n   \t(No symbol) [0x00007FF78687931A]\n   \t(No symbol) [0x00007FF7868BD40D]\n   \t(No symbol) [0x00007FF7868BC44B]\n   \t(No symbol) [0x00007FF7868B655C]\n   \t(No symbol) [0x00007FF7868B1B2D]\n   \t(No symbol) [0x00007FF786905D0B]\n   \t(No symbol) [0x00007FF7869052E0]\n   \t(No symbol) [0x00007FF7868F7883]\n   \t(No symbol) [0x00007FF7868C0550]\n   \t(No symbol) [0x00007FF7868C1803]\n   \tGetHandleVerifier [0x00007FF786DD72BD+3529853]\n   \tGetHandleVerifier [0x00007FF786DEDA22+3621858]\n   \tGetHandleVerifier [0x00007FF786DE24D3+3575443]\n   \tGetHandleVerifier [0x00007FF786B4B77A+860474]\n   \t(No symbol) [0x00007FF7869F088F]\n   \t(No symbol) [0x00007FF7869ECBC4]\n   \t(No symbol) [0x00007FF7869ECD66]\n   \t(No symbol) [0x00007FF7869DC2C9]\n   \tBaseThreadInitThunk [0x00007FFDE2357374+20]\n   \tRtlUserThreadStart [0x00007FFDE335CC91+33]\n", "test_name": "test_profile", "rerun": "0"}, "3": {"status": "FAIL", "message": "   selenium.common.exceptions.SessionNotCreatedException: Message: session not created: This version of ChromeDriver only supports Chrome version 134\n   Current browser version is 136.0.7103.93 with binary path C:\\Program Files (x86)\\Google\\Chrome\\Application\\chrome.exe\n   Stacktrace:\n   \tGetHandleVerifier [0x00007FF786A7FE45+26629]\n   \t(No symbol) [0x00007FF7869E6010]\n   \t(No symbol) [0x00007FF78687931A]\n   \t(No symbol) [0x00007FF7868BD40D]\n   \t(No symbol) [0x00007FF7868BC44B]\n   \t(No symbol) [0x00007FF7868B655C]\n   \t(No symbol) [0x00007FF7868B1B2D]\n   \t(No symbol) [0x00007FF786905D0B]\n   \t(No symbol) [0x00007FF7869052E0]\n   \t(No symbol) [0x00007FF7868F7883]\n   \t(No symbol) [0x00007FF7868C0550]\n   \t(No symbol) [0x00007FF7868C1803]\n   \tGetHandleVerifier [0x00007FF786DD72BD+3529853]\n   \tGetHandleVerifier [0x00007FF786DEDA22+3621858]\n   \tGetHandleVerifier [0x00007FF786DE24D3+3575443]\n   \tGetHandleVerifier [0x00007FF786B4B77A+860474]\n   \t(No symbol) [0x00007FF7869F088F]\n   \t(No symbol) [0x00007FF7869ECBC4]\n   \t(No symbol) [0x00007FF7869ECD66]\n   \t(No symbol) [0x00007FF7869DC2C9]\n   \tBaseThreadInitThunk [0x00007FFDE2357374+20]\n   \tRtlUserThreadStart [0x00007FFDE335CC91+33]\n", "test_name": "test_edit_post", "rerun": "0"}, "4": {"status": "FAIL", "message": "   selenium.common.exceptions.SessionNotCreatedException: Message: session not created: This version of ChromeDriver only supports Chrome version 134\n   Current browser version is 136.0.7103.93 with binary path C:\\Program Files (x86)\\Google\\Chrome\\Application\\chrome.exe\n   Stacktrace:\n   \tGetHandleVerifier [0x00007FF786A7FE45+26629]\n   \t(No symbol) [0x00007FF7869E6010]\n   \t(No symbol) [0x00007FF78687931A]\n   \t(No symbol) [0x00007FF7868BD40D]\n   \t(No symbol) [0x00007FF7868BC44B]\n   \t(No symbol) [0x00007FF7868B655C]\n   \t(No symbol) [0x00007FF7868B1B2D]\n   \t(No symbol) [0x00007FF786905D0B]\n   \t(No symbol) [0x00007FF7869052E0]\n   \t(No symbol) [0x00007FF7868F7883]\n   \t(No symbol) [0x00007FF7868C0550]\n   \t(No symbol) [0x00007FF7868C1803]\n   \tGetHandleVerifier [0x00007FF786DD72BD+3529853]\n   \tGetHandleVerifier [0x00007FF786DEDA22+3621858]\n   \tGetHandleVerifier [0x00007FF786DE24D3+3575443]\n   \tGetHandleVerifier [0x00007FF786B4B77A+860474]\n   \t(No symbol) [0x00007FF7869F088F]\n   \t(No symbol) [0x00007FF7869ECBC4]\n   \t(No symbol) [0x00007FF7869ECD66]\n   \t(No symbol) [0x00007FF7869DC2C9]\n   \tBaseThreadInitThunk [0x00007FFDE2357374+20]\n   \tRtlUserThreadStart [0x00007FFDE335CC91+33]\n", "test_name": "test_delete_post", "rerun": "0"}, "5": {"status": "FAIL", "message": "   selenium.common.exceptions.SessionNotCreatedException: Message: session not created: This version of ChromeDriver only supports Chrome version 134\n   Current browser version is 136.0.7103.93 with binary path C:\\Program Files (x86)\\Google\\Chrome\\Application\\chrome.exe\n   Stacktrace:\n   \tGetHandleVerifier [0x00007FF786A7FE45+26629]\n   \t(No symbol) [0x00007FF7869E6010]\n   \t(No symbol) [0x00007FF78687931A]\n   \t(No symbol) [0x00007FF7868BD40D]\n   \t(No symbol) [0x00007FF7868BC44B]\n   \t(No symbol) [0x00007FF7868B655C]\n   \t(No symbol) [0x00007FF7868B1B2D]\n   \t(No symbol) [0x00007FF786905D0B]\n   \t(No symbol) [0x00007FF7869052E0]\n   \t(No symbol) [0x00007FF7868F7883]\n   \t(No symbol) [0x00007FF7868C0550]\n   \t(No symbol) [0x00007FF7868C1803]\n   \tGetHandleVerifier [0x00007FF786DD72BD+3529853]\n   \tGetHandleVerifier [0x00007FF786DEDA22+3621858]\n   \tGetHandleVerifier [0x00007FF786DE24D3+3575443]\n   \tGetHandleVerifier [0x00007FF786B4B77A+860474]\n   \t(No symbol) [0x00007FF7869F088F]\n   \t(No symbol) [0x00007FF7869ECBC4]\n   \t(No symbol) [0x00007FF7869ECD66]\n   \t(No symbol) [0x00007FF7869DC2C9]\n   \tBaseThreadInitThunk [0x00007FFDE2357374+20]\n   \tRtlUserThreadStart [0x00007FFDE335CC91+33]\n", "test_name": "test_no_del_other_user_post", "rerun": "0"}}, "suite_name": "tests/test_postpage.py"}}}, "date": "May 12, 2025", "start_time": 1747056592.5795102, "total_suite": 1, "status": "FAIL", "status_list": {"pass": "0", "fail": "6", "skip": "0", "error": "0", "xpass": "0", "xfail": "0", "rerun": "0"}, "total_tests": "6"}