{"content": {"suites": {"0": {"status": {"total_pass": 0, "total_skip": 0, "total_xpass": 0, "total_xfail": 0, "total_rerun": 0, "total_fail": 6, "total_error": 0}, "tests": {"0": {"status": "FAIL", "message": "   selenium.common.exceptions.SessionNotCreatedException: Message: session not created: This version of ChromeDriver only supports Chrome version 134\n   Current browser version is 136.0.7103.93 with binary path C:\\Program Files (x86)\\Google\\Chrome\\Application\\chrome.exe\n   Stacktrace:\n   \tGetHandleVerifier [0x00007FF757C5FE45+26629]\n   \t(No symbol) [0x00007FF757BC6010]\n   \t(No symbol) [0x00007FF757A5931A]\n   \t(No symbol) [0x00007FF757A9D40D]\n   \t(No symbol) [0x00007FF757A9C44B]\n   \t(No symbol) [0x00007FF757A9655C]\n   \t(No symbol) [0x00007FF757A91B2D]\n   \t(No symbol) [0x00007FF757AE5D0B]\n   \t(No symbol) [0x00007FF757AE52E0]\n   \t(No symbol) [0x00007FF757AD7883]\n   \t(No symbol) [0x00007FF757AA0550]\n   \t(No symbol) [0x00007FF757AA1803]\n   \tGetHandleVerifier [0x00007FF757FB72BD+3529853]\n   \tGetHandleVerifier [0x00007FF757FCDA22+3621858]\n   \tGetHandleVerifier [0x00007FF757FC24D3+3575443]\n   \tGetHandleVerifier [0x00007FF757D2B77A+860474]\n   \t(No symbol) [0x00007FF757BD088F]\n   \t(No symbol) [0x00007FF757BCCBC4]\n   \t(No symbol) [0x00007FF757BCCD66]\n   \t(No symbol) [0x00007FF757BBC2C9]\n   \tBaseThreadInitThunk [0x00007FFDE2357374+20]\n   \tRtlUserThreadStart [0x00007FFDE335CC91+33]\n", "test_name": "test_new_post_successful_creation", "rerun": "0"}, "1": {"status": "FAIL", "message": "   selenium.common.exceptions.SessionNotCreatedException: Message: session not created: This version of ChromeDriver only supports Chrome version 134\n   Current browser version is 136.0.7103.93 with binary path C:\\Program Files (x86)\\Google\\Chrome\\Application\\chrome.exe\n   Stacktrace:\n   \tGetHandleVerifier [0x00007FF757C5FE45+26629]\n   \t(No symbol) [0x00007FF757BC6010]\n   \t(No symbol) [0x00007FF757A5931A]\n   \t(No symbol) [0x00007FF757A9D40D]\n   \t(No symbol) [0x00007FF757A9C44B]\n   \t(No symbol) [0x00007FF757A9655C]\n   \t(No symbol) [0x00007FF757A91B2D]\n   \t(No symbol) [0x00007FF757AE5D0B]\n   \t(No symbol) [0x00007FF757AE52E0]\n   \t(No symbol) [0x00007FF757AD7883]\n   \t(No symbol) [0x00007FF757AA0550]\n   \t(No symbol) [0x00007FF757AA1803]\n   \tGetHandleVerifier [0x00007FF757FB72BD+3529853]\n   \tGetHandleVerifier [0x00007FF757FCDA22+3621858]\n   \tGetHandleVerifier [0x00007FF757FC24D3+3575443]\n   \tGetHandleVerifier [0x00007FF757D2B77A+860474]\n   \t(No symbol) [0x00007FF757BD088F]\n   \t(No symbol) [0x00007FF757BCCBC4]\n   \t(No symbol) [0x00007FF757BCCD66]\n   \t(No symbol) [0x00007FF757BBC2C9]\n   \tBaseThreadInitThunk [0x00007FFDE2357374+20]\n   \tRtlUserThreadStart [0x00007FFDE335CC91+33]\n", "test_name": "test_publish_with_all_fields_blank", "rerun": "0"}, "2": {"status": "FAIL", "message": "   selenium.common.exceptions.SessionNotCreatedException: Message: session not created: This version of ChromeDriver only supports Chrome version 134\n   Current browser version is 136.0.7103.93 with binary path C:\\Program Files (x86)\\Google\\Chrome\\Application\\chrome.exe\n   Stacktrace:\n   \tGetHandleVerifier [0x00007FF757C5FE45+26629]\n   \t(No symbol) [0x00007FF757BC6010]\n   \t(No symbol) [0x00007FF757A5931A]\n   \t(No symbol) [0x00007FF757A9D40D]\n   \t(No symbol) [0x00007FF757A9C44B]\n   \t(No symbol) [0x00007FF757A9655C]\n   \t(No symbol) [0x00007FF757A91B2D]\n   \t(No symbol) [0x00007FF757AE5D0B]\n   \t(No symbol) [0x00007FF757AE52E0]\n   \t(No symbol) [0x00007FF757AD7883]\n   \t(No symbol) [0x00007FF757AA0550]\n   \t(No symbol) [0x00007FF757AA1803]\n   \tGetHandleVerifier [0x00007FF757FB72BD+3529853]\n   \tGetHandleVerifier [0x00007FF757FCDA22+3621858]\n   \tGetHandleVerifier [0x00007FF757FC24D3+3575443]\n   \tGetHandleVerifier [0x00007FF757D2B77A+860474]\n   \t(No symbol) [0x00007FF757BD088F]\n   \t(No symbol) [0x00007FF757BCCBC4]\n   \t(No symbol) [0x00007FF757BCCD66]\n   \t(No symbol) [0x00007FF757BBC2C9]\n   \tBaseThreadInitThunk [0x00007FFDE2357374+20]\n   \tRtlUserThreadStart [0x00007FFDE335CC91+33]\n", "test_name": "test_profile", "rerun": "0"}, "3": {"status": "FAIL", "message": "   selenium.common.exceptions.SessionNotCreatedException: Message: session not created: This version of ChromeDriver only supports Chrome version 134\n   Current browser version is 136.0.7103.93 with binary path C:\\Program Files (x86)\\Google\\Chrome\\Application\\chrome.exe\n   Stacktrace:\n   \tGetHandleVerifier [0x00007FF757C5FE45+26629]\n   \t(No symbol) [0x00007FF757BC6010]\n   \t(No symbol) [0x00007FF757A5931A]\n   \t(No symbol) [0x00007FF757A9D40D]\n   \t(No symbol) [0x00007FF757A9C44B]\n   \t(No symbol) [0x00007FF757A9655C]\n   \t(No symbol) [0x00007FF757A91B2D]\n   \t(No symbol) [0x00007FF757AE5D0B]\n   \t(No symbol) [0x00007FF757AE52E0]\n   \t(No symbol) [0x00007FF757AD7883]\n   \t(No symbol) [0x00007FF757AA0550]\n   \t(No symbol) [0x00007FF757AA1803]\n   \tGetHandleVerifier [0x00007FF757FB72BD+3529853]\n   \tGetHandleVerifier [0x00007FF757FCDA22+3621858]\n   \tGetHandleVerifier [0x00007FF757FC24D3+3575443]\n   \tGetHandleVerifier [0x00007FF757D2B77A+860474]\n   \t(No symbol) [0x00007FF757BD088F]\n   \t(No symbol) [0x00007FF757BCCBC4]\n   \t(No symbol) [0x00007FF757BCCD66]\n   \t(No symbol) [0x00007FF757BBC2C9]\n   \tBaseThreadInitThunk [0x00007FFDE2357374+20]\n   \tRtlUserThreadStart [0x00007FFDE335CC91+33]\n", "test_name": "test_edit_post", "rerun": "0"}, "4": {"status": "FAIL", "message": "   selenium.common.exceptions.SessionNotCreatedException: Message: session not created: This version of ChromeDriver only supports Chrome version 134\n   Current browser version is 136.0.7103.93 with binary path C:\\Program Files (x86)\\Google\\Chrome\\Application\\chrome.exe\n   Stacktrace:\n   \tGetHandleVerifier [0x00007FF757C5FE45+26629]\n   \t(No symbol) [0x00007FF757BC6010]\n   \t(No symbol) [0x00007FF757A5931A]\n   \t(No symbol) [0x00007FF757A9D40D]\n   \t(No symbol) [0x00007FF757A9C44B]\n   \t(No symbol) [0x00007FF757A9655C]\n   \t(No symbol) [0x00007FF757A91B2D]\n   \t(No symbol) [0x00007FF757AE5D0B]\n   \t(No symbol) [0x00007FF757AE52E0]\n   \t(No symbol) [0x00007FF757AD7883]\n   \t(No symbol) [0x00007FF757AA0550]\n   \t(No symbol) [0x00007FF757AA1803]\n   \tGetHandleVerifier [0x00007FF757FB72BD+3529853]\n   \tGetHandleVerifier [0x00007FF757FCDA22+3621858]\n   \tGetHandleVerifier [0x00007FF757FC24D3+3575443]\n   \tGetHandleVerifier [0x00007FF757D2B77A+860474]\n   \t(No symbol) [0x00007FF757BD088F]\n   \t(No symbol) [0x00007FF757BCCBC4]\n   \t(No symbol) [0x00007FF757BCCD66]\n   \t(No symbol) [0x00007FF757BBC2C9]\n   \tBaseThreadInitThunk [0x00007FFDE2357374+20]\n   \tRtlUserThreadStart [0x00007FFDE335CC91+33]\n", "test_name": "test_delete_post", "rerun": "0"}, "5": {"status": "FAIL", "message": "   selenium.common.exceptions.SessionNotCreatedException: Message: session not created: This version of ChromeDriver only supports Chrome version 134\n   Current browser version is 136.0.7103.93 with binary path C:\\Program Files (x86)\\Google\\Chrome\\Application\\chrome.exe\n   Stacktrace:\n   \tGetHandleVerifier [0x00007FF757C5FE45+26629]\n   \t(No symbol) [0x00007FF757BC6010]\n   \t(No symbol) [0x00007FF757A5931A]\n   \t(No symbol) [0x00007FF757A9D40D]\n   \t(No symbol) [0x00007FF757A9C44B]\n   \t(No symbol) [0x00007FF757A9655C]\n   \t(No symbol) [0x00007FF757A91B2D]\n   \t(No symbol) [0x00007FF757AE5D0B]\n   \t(No symbol) [0x00007FF757AE52E0]\n   \t(No symbol) [0x00007FF757AD7883]\n   \t(No symbol) [0x00007FF757AA0550]\n   \t(No symbol) [0x00007FF757AA1803]\n   \tGetHandleVerifier [0x00007FF757FB72BD+3529853]\n   \tGetHandleVerifier [0x00007FF757FCDA22+3621858]\n   \tGetHandleVerifier [0x00007FF757FC24D3+3575443]\n   \tGetHandleVerifier [0x00007FF757D2B77A+860474]\n   \t(No symbol) [0x00007FF757BD088F]\n   \t(No symbol) [0x00007FF757BCCBC4]\n   \t(No symbol) [0x00007FF757BCCD66]\n   \t(No symbol) [0x00007FF757BBC2C9]\n   \tBaseThreadInitThunk [0x00007FFDE2357374+20]\n   \tRtlUserThreadStart [0x00007FFDE335CC91+33]\n", "test_name": "test_no_del_other_user_post", "rerun": "0"}}, "suite_name": "tests/test_postpage.py"}}}, "date": "May 12, 2025", "start_time": 1747058350.9409802, "total_suite": 1, "status": "FAIL", "status_list": {"pass": "0", "fail": "6", "skip": "0", "error": "0", "xpass": "0", "xfail": "0", "rerun": "0"}, "total_tests": "6"}