{"content": {"suites": {"0": {"status": {"total_pass": 0, "total_skip": 0, "total_xpass": 0, "total_xfail": 0, "total_rerun": 0, "total_fail": 6, "total_error": 0}, "tests": {"0": {"status": "FAIL", "message": "   selenium.common.exceptions.SessionNotCreatedException: Message: session not created: This version of ChromeDriver only supports Chrome version 134\n   Current browser version is 136.0.7103.93 with binary path C:\\Program Files (x86)\\Google\\Chrome\\Application\\chrome.exe\n   Stacktrace:\n   \tGetHandleVerifier [0x00007FF6D1CEFE45+26629]\n   \t(No symbol) [0x00007FF6D1C56010]\n   \t(No symbol) [0x00007FF6D1AE931A]\n   \t(No symbol) [0x00007FF6D1B2D40D]\n   \t(No symbol) [0x00007FF6D1B2C44B]\n   \t(No symbol) [0x00007FF6D1B2655C]\n   \t(No symbol) [0x00007FF6D1B21B2D]\n   \t(No symbol) [0x00007FF6D1B75D0B]\n   \t(No symbol) [0x00007FF6D1B752E0]\n   \t(No symbol) [0x00007FF6D1B67883]\n   \t(No symbol) [0x00007FF6D1B30550]\n   \t(No symbol) [0x00007FF6D1B31803]\n   \tGetHandleVerifier [0x00007FF6D20472BD+3529853]\n   \tGetHandleVerifier [0x00007FF6D205DA22+3621858]\n   \tGetHandleVerifier [0x00007FF6D20524D3+3575443]\n   \tGetHandleVerifier [0x00007FF6D1DBB77A+860474]\n   \t(No symbol) [0x00007FF6D1C6088F]\n   \t(No symbol) [0x00007FF6D1C5CBC4]\n   \t(No symbol) [0x00007FF6D1C5CD66]\n   \t(No symbol) [0x00007FF6D1C4C2C9]\n   \tBaseThreadInitThunk [0x00007FFEB3CE7374+20]\n   \tRtlUserThreadStart [0x00007FFEB5CFCC91+33]\n", "test_name": "test_new_post_successful_creation", "rerun": "0"}, "1": {"status": "FAIL", "message": "   selenium.common.exceptions.SessionNotCreatedException: Message: session not created: This version of ChromeDriver only supports Chrome version 134\n   Current browser version is 136.0.7103.93 with binary path C:\\Program Files (x86)\\Google\\Chrome\\Application\\chrome.exe\n   Stacktrace:\n   \tGetHandleVerifier [0x00007FF6D1CEFE45+26629]\n   \t(No symbol) [0x00007FF6D1C56010]\n   \t(No symbol) [0x00007FF6D1AE931A]\n   \t(No symbol) [0x00007FF6D1B2D40D]\n   \t(No symbol) [0x00007FF6D1B2C44B]\n   \t(No symbol) [0x00007FF6D1B2655C]\n   \t(No symbol) [0x00007FF6D1B21B2D]\n   \t(No symbol) [0x00007FF6D1B75D0B]\n   \t(No symbol) [0x00007FF6D1B752E0]\n   \t(No symbol) [0x00007FF6D1B67883]\n   \t(No symbol) [0x00007FF6D1B30550]\n   \t(No symbol) [0x00007FF6D1B31803]\n   \tGetHandleVerifier [0x00007FF6D20472BD+3529853]\n   \tGetHandleVerifier [0x00007FF6D205DA22+3621858]\n   \tGetHandleVerifier [0x00007FF6D20524D3+3575443]\n   \tGetHandleVerifier [0x00007FF6D1DBB77A+860474]\n   \t(No symbol) [0x00007FF6D1C6088F]\n   \t(No symbol) [0x00007FF6D1C5CBC4]\n   \t(No symbol) [0x00007FF6D1C5CD66]\n   \t(No symbol) [0x00007FF6D1C4C2C9]\n   \tBaseThreadInitThunk [0x00007FFEB3CE7374+20]\n   \tRtlUserThreadStart [0x00007FFEB5CFCC91+33]\n", "test_name": "test_publish_with_all_fields_blank", "rerun": "0"}, "2": {"status": "FAIL", "message": "   selenium.common.exceptions.SessionNotCreatedException: Message: session not created: This version of ChromeDriver only supports Chrome version 134\n   Current browser version is 136.0.7103.93 with binary path C:\\Program Files (x86)\\Google\\Chrome\\Application\\chrome.exe\n   Stacktrace:\n   \tGetHandleVerifier [0x00007FF6D1CEFE45+26629]\n   \t(No symbol) [0x00007FF6D1C56010]\n   \t(No symbol) [0x00007FF6D1AE931A]\n   \t(No symbol) [0x00007FF6D1B2D40D]\n   \t(No symbol) [0x00007FF6D1B2C44B]\n   \t(No symbol) [0x00007FF6D1B2655C]\n   \t(No symbol) [0x00007FF6D1B21B2D]\n   \t(No symbol) [0x00007FF6D1B75D0B]\n   \t(No symbol) [0x00007FF6D1B752E0]\n   \t(No symbol) [0x00007FF6D1B67883]\n   \t(No symbol) [0x00007FF6D1B30550]\n   \t(No symbol) [0x00007FF6D1B31803]\n   \tGetHandleVerifier [0x00007FF6D20472BD+3529853]\n   \tGetHandleVerifier [0x00007FF6D205DA22+3621858]\n   \tGetHandleVerifier [0x00007FF6D20524D3+3575443]\n   \tGetHandleVerifier [0x00007FF6D1DBB77A+860474]\n   \t(No symbol) [0x00007FF6D1C6088F]\n   \t(No symbol) [0x00007FF6D1C5CBC4]\n   \t(No symbol) [0x00007FF6D1C5CD66]\n   \t(No symbol) [0x00007FF6D1C4C2C9]\n   \tBaseThreadInitThunk [0x00007FFEB3CE7374+20]\n   \tRtlUserThreadStart [0x00007FFEB5CFCC91+33]\n", "test_name": "test_profile", "rerun": "0"}, "3": {"status": "FAIL", "message": "   selenium.common.exceptions.SessionNotCreatedException: Message: session not created: This version of ChromeDriver only supports Chrome version 134\n   Current browser version is 136.0.7103.93 with binary path C:\\Program Files (x86)\\Google\\Chrome\\Application\\chrome.exe\n   Stacktrace:\n   \tGetHandleVerifier [0x00007FF6D1CEFE45+26629]\n   \t(No symbol) [0x00007FF6D1C56010]\n   \t(No symbol) [0x00007FF6D1AE931A]\n   \t(No symbol) [0x00007FF6D1B2D40D]\n   \t(No symbol) [0x00007FF6D1B2C44B]\n   \t(No symbol) [0x00007FF6D1B2655C]\n   \t(No symbol) [0x00007FF6D1B21B2D]\n   \t(No symbol) [0x00007FF6D1B75D0B]\n   \t(No symbol) [0x00007FF6D1B752E0]\n   \t(No symbol) [0x00007FF6D1B67883]\n   \t(No symbol) [0x00007FF6D1B30550]\n   \t(No symbol) [0x00007FF6D1B31803]\n   \tGetHandleVerifier [0x00007FF6D20472BD+3529853]\n   \tGetHandleVerifier [0x00007FF6D205DA22+3621858]\n   \tGetHandleVerifier [0x00007FF6D20524D3+3575443]\n   \tGetHandleVerifier [0x00007FF6D1DBB77A+860474]\n   \t(No symbol) [0x00007FF6D1C6088F]\n   \t(No symbol) [0x00007FF6D1C5CBC4]\n   \t(No symbol) [0x00007FF6D1C5CD66]\n   \t(No symbol) [0x00007FF6D1C4C2C9]\n   \tBaseThreadInitThunk [0x00007FFEB3CE7374+20]\n   \tRtlUserThreadStart [0x00007FFEB5CFCC91+33]\n", "test_name": "test_edit_post", "rerun": "0"}, "4": {"status": "FAIL", "message": "   selenium.common.exceptions.SessionNotCreatedException: Message: session not created: This version of ChromeDriver only supports Chrome version 134\n   Current browser version is 136.0.7103.93 with binary path C:\\Program Files (x86)\\Google\\Chrome\\Application\\chrome.exe\n   Stacktrace:\n   \tGetHandleVerifier [0x00007FF6D1CEFE45+26629]\n   \t(No symbol) [0x00007FF6D1C56010]\n   \t(No symbol) [0x00007FF6D1AE931A]\n   \t(No symbol) [0x00007FF6D1B2D40D]\n   \t(No symbol) [0x00007FF6D1B2C44B]\n   \t(No symbol) [0x00007FF6D1B2655C]\n   \t(No symbol) [0x00007FF6D1B21B2D]\n   \t(No symbol) [0x00007FF6D1B75D0B]\n   \t(No symbol) [0x00007FF6D1B752E0]\n   \t(No symbol) [0x00007FF6D1B67883]\n   \t(No symbol) [0x00007FF6D1B30550]\n   \t(No symbol) [0x00007FF6D1B31803]\n   \tGetHandleVerifier [0x00007FF6D20472BD+3529853]\n   \tGetHandleVerifier [0x00007FF6D205DA22+3621858]\n   \tGetHandleVerifier [0x00007FF6D20524D3+3575443]\n   \tGetHandleVerifier [0x00007FF6D1DBB77A+860474]\n   \t(No symbol) [0x00007FF6D1C6088F]\n   \t(No symbol) [0x00007FF6D1C5CBC4]\n   \t(No symbol) [0x00007FF6D1C5CD66]\n   \t(No symbol) [0x00007FF6D1C4C2C9]\n   \tBaseThreadInitThunk [0x00007FFEB3CE7374+20]\n   \tRtlUserThreadStart [0x00007FFEB5CFCC91+33]\n", "test_name": "test_delete_post", "rerun": "0"}, "5": {"status": "FAIL", "message": "   selenium.common.exceptions.SessionNotCreatedException: Message: session not created: This version of ChromeDriver only supports Chrome version 134\n   Current browser version is 136.0.7103.93 with binary path C:\\Program Files (x86)\\Google\\Chrome\\Application\\chrome.exe\n   Stacktrace:\n   \tGetHandleVerifier [0x00007FF6D1CEFE45+26629]\n   \t(No symbol) [0x00007FF6D1C56010]\n   \t(No symbol) [0x00007FF6D1AE931A]\n   \t(No symbol) [0x00007FF6D1B2D40D]\n   \t(No symbol) [0x00007FF6D1B2C44B]\n   \t(No symbol) [0x00007FF6D1B2655C]\n   \t(No symbol) [0x00007FF6D1B21B2D]\n   \t(No symbol) [0x00007FF6D1B75D0B]\n   \t(No symbol) [0x00007FF6D1B752E0]\n   \t(No symbol) [0x00007FF6D1B67883]\n   \t(No symbol) [0x00007FF6D1B30550]\n   \t(No symbol) [0x00007FF6D1B31803]\n   \tGetHandleVerifier [0x00007FF6D20472BD+3529853]\n   \tGetHandleVerifier [0x00007FF6D205DA22+3621858]\n   \tGetHandleVerifier [0x00007FF6D20524D3+3575443]\n   \tGetHandleVerifier [0x00007FF6D1DBB77A+860474]\n   \t(No symbol) [0x00007FF6D1C6088F]\n   \t(No symbol) [0x00007FF6D1C5CBC4]\n   \t(No symbol) [0x00007FF6D1C5CD66]\n   \t(No symbol) [0x00007FF6D1C4C2C9]\n   \tBaseThreadInitThunk [0x00007FFEB3CE7374+20]\n   \tRtlUserThreadStart [0x00007FFEB5CFCC91+33]\n", "test_name": "test_no_del_other_user_post", "rerun": "0"}}, "suite_name": "tests/test_postpage.py"}}}, "date": "May 13, 2025", "start_time": 1747066260.0464187, "total_suite": 1, "status": "FAIL", "status_list": {"pass": "0", "fail": "6", "skip": "0", "error": "0", "xpass": "0", "xfail": "0", "rerun": "0"}, "total_tests": "6"}